android/app/build/outputs/mapping/release/seeds.txt
com.navigation.MainActivity
com.navigation.MainActivity: MainActivity()
com.navigation.MainApplication
com.navigation.MainApplication: MainApplication()
com.navigation.R$anim: int abc_fade_in
com.navigation.R$anim: int abc_fade_out
com.navigation.R$anim: int abc_grow_fade_in_from_bottom
com.navigation.R$anim: int abc_popup_enter
com.navigation.R$anim: int abc_popup_exit
com.navigation.R$anim: int abc_shrink_fade_out_from_bottom
com.navigation.R$anim: int abc_slide_in_bottom
com.navigation.R$anim: int abc_slide_in_top
com.navigation.R$anim: int abc_slide_out_bottom
com.navigation.R$anim: int abc_slide_out_top
com.navigation.R$anim: int abc_tooltip_enter
com.navigation.R$anim: int abc_tooltip_exit
com.navigation.R$anim: int catalyst_fade_in
com.navigation.R$anim: int catalyst_fade_out
com.navigation.R$anim: int catalyst_push_up_in
com.navigation.R$anim: int catalyst_push_up_out
com.navigation.R$anim: int catalyst_slide_down
com.navigation.R$anim: int catalyst_slide_up
com.navigation.R$attr: int actionBarDivider
com.navigation.R$attr: int actionBarItemBackground
com.navigation.R$attr: int actionBarPopupTheme
com.navigation.R$attr: int actionBarSize
com.navigation.R$attr: int actionBarSplitStyle
com.navigation.R$attr: int actionBarStyle
com.navigation.R$attr: int actionBarTabBarStyle
com.navigation.R$attr: int actionBarTabStyle
com.navigation.R$attr: int actionBarTabTextStyle
com.navigation.R$attr: int actionBarTheme
com.navigation.R$attr: int actionBarWidgetTheme
com.navigation.R$attr: int actionButtonStyle
com.navigation.R$attr: int actionDropDownStyle
com.navigation.R$attr: int actionLayout
com.navigation.R$attr: int actionMenuTextAppearance
com.navigation.R$attr: int actionMenuTextColor
com.navigation.R$attr: int actionModeBackground
com.navigation.R$attr: int actionModeCloseButtonStyle
com.navigation.R$attr: int actionModeCloseDrawable
com.navigation.R$attr: int actionModeCopyDrawable
com.navigation.R$attr: int actionModeCutDrawable
com.navigation.R$attr: int actionModeFindDrawable
com.navigation.R$attr: int actionModePasteDrawable
com.navigation.R$attr: int actionModePopupWindowStyle
com.navigation.R$attr: int actionModeSelectAllDrawable
com.navigation.R$attr: int actionModeShareDrawable
com.navigation.R$attr: int actionModeSplitBackground
com.navigation.R$attr: int actionModeStyle
com.navigation.R$attr: int actionModeWebSearchDrawable
com.navigation.R$attr: int actionOverflowButtonStyle
com.navigation.R$bool: int abc_action_bar_embed_tabs
com.navigation.R$bool: int abc_allow_stacked_button_bar
com.navigation.R$bool: int abc_config_actionMenuItemAllCaps
...
com.facebook.yoga.YogaExperimentalFeature
com.facebook.yoga.YogaExperimentalFeature: com.facebook.yoga.YogaExperimentalFeature[] values()
com.facebook.yoga.YogaExperimentalFeature: com.facebook.yoga.YogaExperimentalFeature valueOf(java.lang.String)
com.facebook.yoga.YogaFlexDirection
com.facebook.yoga.YogaFlexDirection: com.facebook.yoga.YogaFlexDirection[] values()
com.facebook.yoga.YogaFlexDirection: com.facebook.yoga.YogaFlexDirection valueOf(java.lang.String)
com.facebook.yoga.YogaJustify
com.facebook.yoga.YogaJustify: com.facebook.yoga.YogaJustify[] values()
com.facebook.yoga.YogaJustify: com.facebook.yoga.YogaJustify valueOf(java.lang.String)
com.facebook.yoga.YogaLogLevel
com.facebook.yoga.YogaLogLevel: com.facebook.yoga.YogaLogLevel[] values()
com.facebook.yoga.YogaLogLevel: com.facebook.yoga.YogaLogLevel valueOf(java.lang.String)
com.facebook.yoga.YogaLogger
com.facebook.yoga.YogaLogger: void log(com.facebook.yoga.YogaNode,com.facebook.yoga.YogaLogLevel,java.lang.String)
com.facebook.yoga.YogaMeasureFunction
com.facebook.yoga.YogaMeasureFunction: long measure(com.facebook.yoga.YogaNode,float,com.facebook.yoga.YogaMeasureMode,float,com.facebook.yoga.YogaMeasureMode)
com.facebook.yoga.YogaMeasureMode
com.facebook.yoga.YogaMeasureMode: com.facebook.yoga.YogaMeasureMode[] values()
com.facebook.yoga.YogaMeasureMode: com.facebook.yoga.YogaMeasureMode valueOf(java.lang.String)
com.facebook.yoga.YogaNode
com.facebook.yoga.YogaNode: int mEdgeSetFlag
com.facebook.yoga.YogaNode: float mWidth
com.facebook.yoga.YogaNode: float mHeight
com.facebook.yoga.YogaNode: float mTop
com.facebook.yoga.YogaNode: float mLeft
com.facebook.yoga.YogaNode: float mMarginLeft
com.facebook.yoga.YogaNode: float mMarginTop
com.facebook.yoga.YogaNode: float mMarginRight
com.facebook.yoga.YogaNode: float mMarginBottom
com.facebook.yoga.YogaNode: float mPaddingLeft
com.facebook.yoga.YogaNode: float mPaddingTop
com.facebook.yoga.YogaNode: float mPaddingRight
com.facebook.yoga.YogaNode: float mPaddingBottom
com.facebook.yoga.YogaNode: float mBorderLeft
com.facebook.yoga.YogaNode: float mBorderTop
com.facebook.yoga.YogaNode: float mBorderRight
com.facebook.yoga.YogaNode: float mBorderBottom
com.facebook.yoga.YogaNode: int mLayoutDirection
com.facebook.yoga.YogaNode: boolean mHasNewLayout
com.facebook.yoga.YogaNode: boolean mDoesLegacyStretchFlagAffectsLayout
com.facebook.yoga.YogaNode: int jni_YGNodeGetInstanceCount()
com.facebook.yoga.YogaNode: long jni_YGNodeNew()
com.facebook.yoga.YogaNode: long jni_YGNodeNewWithConfig(long)
com.facebook.yoga.YogaNode: void jni_YGNodeFree(long)
com.facebook.yoga.YogaNode: void jni_YGNodeReset(long)
com.facebook.yoga.YogaNode: void jni_YGNodeInsertChild(long,long,int)
com.facebook.yoga.YogaNode: void jni_YGNodeInsertSharedChild(long,long,int)
com.facebook.yoga.YogaNode: void jni_YGNodeSetIsReferenceBaseline(long,boolean)
com.facebook.yoga.YogaNodeCloneFunction
com.facebook.yoga.YogaNodeCloneFunction: com.facebook.yoga.YogaNode cloneNode(com.facebook.yoga.YogaNode,com.facebook.yoga.YogaNode,int)
com.facebook.yoga.YogaNodeType
com.facebook.yoga.YogaNodeType: com.facebook.yoga.YogaNodeType[] values()
com.facebook.yoga.YogaNodeType: com.facebook.yoga.YogaNodeType valueOf(java.lang.String)
com.facebook.yoga.YogaOverflow
com.facebook.yoga.YogaOverflow: com.facebook.yoga.YogaOverflow[] values()
com.facebook.yoga.YogaOverflow: com.facebook.yoga.YogaOverflow valueOf(java.lang.String)
com.facebook.yoga.YogaPositionType
com.facebook.yoga.YogaPositionType: com.facebook.yoga.YogaPositionType[] values()
com.facebook.yoga.YogaPositionType: com.facebook.yoga.YogaPositionType valueOf(java.lang.String)
com.facebook.yoga.YogaPrintOptions
com.facebook.yoga.YogaPrintOptions: com.facebook.yoga.YogaPrintOptions[] values()
com.facebook.yoga.YogaPrintOptions: com.facebook.yoga.YogaPrintOptions valueOf(java.lang.String)