android/app/build/outputs/mapping/release/mapping.txt
com.navigation.MainActivity -> com.navigation.MainActivity:
    void <init>() -> <init>
    java.lang.String getMainComponentName() -> a
    com.facebook.react.ReactActivityDelegate createReactActivityDelegate() -> b
com.navigation.MainActivity$1 -> com.navigation.MainActivity$1:
    com.navigation.MainActivity this$0 -> a
    void <init>(com.navigation.MainActivity,android.app.Activity,java.lang.String) -> <init>
    com.facebook.react.ReactRootView createRootView() -> b
com.navigation.MainApplication -> com.navigation.MainApplication:
    com.facebook.react.ReactNativeHost mReactNativeHost -> a
    void <init>() -> <init>
    com.facebook.react.ReactNativeHost getReactNativeHost() -> a
    void onCreate() -> onCreate
com.navigation.MainApplication$1 -> com.navigation.MainApplication$1:
    com.navigation.MainApplication this$0 -> a
    void <init>(com.navigation.MainApplication,android.app.Application) -> <init>
    boolean getUseDeveloperSupport() -> k
    java.util.List getPackages() -> l
    java.lang.String getJSMainModuleName() -> h
...
com.adobe.xmp.impl.FixASCIIControlsReader -> com.a.a.a.c:
    int state -> a
    int control -> b
    int digits -> c
    void <init>(java.io.Reader) -> <init>
    int read(char[],int,int) -> read
    char processChar(char) -> a
com.adobe.xmp.impl.ISO8601Converter -> com.a.a.a.d:
    com.adobe.xmp.XMPDateTime parse(java.lang.String) -> a
    com.adobe.xmp.XMPDateTime parse(java.lang.String,com.adobe.xmp.XMPDateTime) -> a
    java.lang.String render(com.adobe.xmp.XMPDateTime) -> a
com.adobe.xmp.impl.Latin1Converter -> com.a.a.a.e:
    com.adobe.xmp.impl.ByteBuffer convert(com.adobe.xmp.impl.ByteBuffer) -> a
    byte[] convertToUTF8(byte) -> a
com.adobe.xmp.impl.ParameterAsserts -> com.a.a.a.f:
    void assertArrayName(java.lang.String) -> a
    void assertPropName(java.lang.String) -> b
    void assertSchemaNS(java.lang.String) -> c
    void assertPrefix(java.lang.String) -> d
    void assertSpecificLang(java.lang.String) -> e
    void assertNotNull(java.lang.Object) -> a
com.adobe.xmp.impl.ParseRDF -> com.a.a.a.g:
    boolean $assertionsDisabled -> a
    void <init>() -> <init>
    com.adobe.xmp.impl.XMPMetaImpl parse(org.w3c.dom.Node) -> a
    void rdf_RDF(com.adobe.xmp.impl.XMPMetaImpl,org.w3c.dom.Node) -> a
    void rdf_NodeElementList(com.adobe.xmp.impl.XMPMetaImpl,com.adobe.xmp.impl.XMPNode,org.w3c.dom.Node) -> a
    void rdf_NodeElement(com.adobe.xmp.impl.XMPMetaImpl,com.adobe.xmp.impl.XMPNode,org.w3c.dom.Node,boolean) -> a
    void rdf_NodeElementAttrs(com.adobe.xmp.impl.XMPMetaImpl,com.adobe.xmp.impl.XMPNode,org.w3c.dom.Node,boolean) -> b
    void rdf_PropertyElementList(com.adobe.xmp.impl.XMPMetaImpl,com.adobe.xmp.impl.XMPNode,org.w3c.dom.Node,boolean) -> c
    void rdf_PropertyElement(com.adobe.xmp.impl.XMPMetaImpl,com.adobe.xmp.impl.XMPNode,org.w3c.dom.Node,boolean) -> d
    void rdf_ResourcePropertyElement(com.adobe.xmp.impl.XMPMetaImpl,com.adobe.xmp.impl.XMPNode,org.w3c.dom.Node,boolean) -> e
    void rdf_LiteralPropertyElement(com.adobe.xmp.impl.XMPMetaImpl,com.adobe.xmp.impl.XMPNode,org.w3c.dom.Node,boolean) -> f
    void rdf_ParseTypeLiteralPropertyElement() -> a
    void rdf_ParseTypeResourcePropertyElement(com.adobe.xmp.impl.XMPMetaImpl,com.adobe.xmp.impl.XMPNode,org.w3c.dom.Node,boolean) -> g
    void rdf_ParseTypeCollectionPropertyElement() -> b
    void rdf_ParseTypeOtherPropertyElement() -> c
    void rdf_EmptyPropertyElement(com.adobe.xmp.impl.XMPMetaImpl,com.adobe.xmp.impl.XMPNode,org.w3c.dom.Node,boolean) -> h
com.adobe.xmp.impl.ParseState -> com.a.a.a.h:
    java.lang.String str -> a
    int pos -> b
    void <init>(java.lang.String) -> <init>
    boolean hasNext() -> a
    char ch(int) -> a
    char ch() -> b
    void skip() -> c
    int pos() -> d
    int gatherInt(java.lang.String,int) -> a
com.adobe.xmp.impl.Utils -> com.a.a.a.i:
    boolean[] xmlNameStartChars -> a
    boolean[] xmlNameChars -> b
    java.lang.String normalizeLangValue(java.lang.String) -> a
    java.lang.String[] splitNameAndValue(java.lang.String) -> b
    boolean checkUUIDFormat(java.lang.String) -> c
    boolean isXMLName(java.lang.String) -> d
    boolean isXMLNameNS(java.lang.String) -> e
    boolean isControlChar(char) -> a
    boolean isNameStartChar(char) -> b
    boolean isNameChar(char) -> c
    void initCharTables() -> a
    void <clinit>() -> <clinit>