android/app/build/outputs/mapping/release/usage.txt
com.navigation.BuildConfig
com.navigation.R
com.navigation.R$anim
com.navigation.R$attr
com.navigation.R$bool
com.navigation.R$color
com.navigation.R$dimen
com.navigation.R$drawable
com.navigation.R$id
com.navigation.R$integer
com.navigation.R$layout
com.navigation.R$mipmap
com.navigation.R$raw
com.navigation.R$string
com.navigation.R$style
com.navigation.R$styleable
com.navigation.R$xml
...
com.google.zxing.oned.EAN13Writer
com.google.zxing.oned.EAN8Writer
com.google.zxing.oned.ITFReader:
    private static final float MAX_AVG_VARIANCE
    private static final float MAX_INDIVIDUAL_VARIANCE
    private static final int W
    private static final int N
com.google.zxing.oned.ITFWriter
com.google.zxing.oned.OneDReader:
    46:46:public com.google.zxing.Result decode(com.google.zxing.BinaryBitmap)
com.google.zxing.oned.OneDimensionalCodeWriter
com.google.zxing.oned.UPCAReader:
    57:57:public com.google.zxing.Result decode(com.google.zxing.BinaryBitmap)
com.google.zxing.oned.UPCAWriter
com.google.zxing.oned.UPCEANReader:
    private static final float MAX_AVG_VARIANCE
    private static final float MAX_INDIVIDUAL_VARIANCE
com.google.zxing.oned.UPCEANWriter
com.google.zxing.oned.UPCEWriter
com.google.zxing.oned.rss.AbstractRSSReader:
    private static final float MAX_AVG_VARIANCE
    private static final float MAX_INDIVIDUAL_VARIANCE
    private static final float MIN_FINDER_PATTERN_RATIO
    private static final float MAX_FINDER_PATTERN_RATIO
    93:93:protected static int count(int[])
com.google.zxing.oned.rss.RSSUtils:
    22:22:private RSSUtils()
com.google.zxing.oned.rss.expanded.BitArrayBuilder:
    39:40:private BitArrayBuilder()
com.google.zxing.oned.rss.expanded.ExpandedPair:
    53:53:boolean mayBeLast()
com.google.zxing.oned.rss.expanded.ExpandedRow:
    47:47:boolean isReversed()
com.google.zxing.oned.rss.expanded.RSSExpandedReader:
    private static final int FINDER_PAT_A
    private static final int FINDER_PAT_B
    private static final int FINDER_PAT_C
    private static final int FINDER_PAT_D
    private static final int FINDER_PAT_E
    private static final int FINDER_PAT_F
    private static final int MAX_PAIRS
    355:355:java.util.List getRows()
com.google.zxing.oned.rss.expanded.decoders.AI01392xDecoder:
    private static final int HEADER_SIZE
    private static final int LAST_DIGIT_SIZE
com.google.zxing.oned.rss.expanded.decoders.AI01393xDecoder:
    private static final int HEADER_SIZE
    private static final int LAST_DIGIT_SIZE
    private static final int FIRST_THREE_DIGITS_SIZE
com.google.zxing.oned.rss.expanded.decoders.AI013x0x1xDecoder:
    private static final int HEADER_SIZE
    private static final int WEIGHT_SIZE
    private static final int DATE_SIZE
com.google.zxing.oned.rss.expanded.decoders.AI013x0xDecoder:
    private static final int HEADER_SIZE
    private static final int WEIGHT_SIZE
com.google.zxing.oned.rss.expanded.decoders.AI01AndOtherAIs:
    private static final int HEADER_SIZE
com.google.zxing.oned.rss.expanded.decoders.AI01decoder:
    static final int GTIN_SIZE
com.google.zxing.oned.rss.expanded.decoders.AnyAIDecoder:
    private static final int HEADER_SIZE
com.google.zxing.oned.rss.expanded.decoders.CurrentParsingState:
    65:65:boolean isNumeric()
com.google.zxing.oned.rss.expanded.decoders.DecodedChar:
    static final char FNC1
com.google.zxing.oned.rss.expanded.decoders.DecodedNumeric:
    static final int FNC1
    62:62:int getValue()
    74:74:boolean isAnyFNC1()
com.google.zxing.oned.rss.expanded.decoders.FieldParser:
    190:191:private FieldParser()
com.google.zxing.pdf417.PDF417Common:
    public static final int NUMBER_OF_CODEWORDS
    public static final int MAX_CODEWORDS_IN_BARCODE
    public static final int MIN_ROWS_IN_BARCODE
    public static final int MAX_ROWS_IN_BARCODE
    public static final int MODULES_IN_CODEWORD
    public static final int MODULES_IN_STOP_PATTERN
    public static final int BARS_IN_MODULE
    42:43:private PDF417Common()
    52:52:public static int getBitCountSum(int[])
com.google.zxing.pdf417.PDF417Reader:
    55:55:public com.google.zxing.Result decode(com.google.zxing.BinaryBitmap)
    70:70:public com.google.zxing.Result[] decodeMultiple(com.google.zxing.BinaryBitmap)
    76:78:public com.google.zxing.Result[] decodeMultiple(com.google.zxing.BinaryBitmap,java.util.Map)